{
  "stats": {
    "suites": 1,
    "tests": 1,
    "passes": 1,
    "pending": 0,
    "failures": 0,
    "testsRegistered": 1,
    "passPercent": 100,
    "pendingPercent": 0,
    "other": 0,
    "hasOther": false,
    "skipped": 0,
    "hasSkipped": false,
    "start": "2024-03-03T02:01:21.414Z",
    "end": "2024-03-03T02:02:02.190Z",
    "duration": 40776
  },
  "results": [
    {
      "uuid": "656f0f09-f3e4-4cc5-a68c-e661949cc2b2",
      "title": "",
      "fullFile": "cypress\\e2e\\Automation_Exercise_Tests.cy.js",
      "file": "cypress\\e2e\\Automation_Exercise_Tests.cy.js",
      "beforeHooks": [],
      "afterHooks": [],
      "tests": [],
      "suites": [
        {
          "uuid": "0a44a9c7-d5fa-4dc1-b0ba-4a690a230986",
          "title": "E2E - Automation Exercise e-commerce Testing",
          "fullFile": "",
          "file": "",
          "beforeHooks": [],
          "afterHooks": [],
          "tests": [
            {
              "title": "E2E Testing - Buying a product and Contacting the Company",
              "fullTitle": "E2E - Automation Exercise e-commerce Testing E2E Testing - Buying a product and Contacting the Company",
              "timedOut": null,
              "duration": 40696,
              "state": "passed",
              "speed": "slow",
              "pass": true,
              "fail": false,
              "pending": false,
              "context": null,
              "code": "const email = _faker.faker.internet.email();\nbasePage_PO.scrollPageHalfwayDown();\nhomePage_PO.chooseRandomProductToView();\nproductDetails_PO.chooseItemQuantity(5);\nproductDetails_PO.addProductToCart();\nbasePage_PO.clickViewCartModal();\nbasePage_PO.clickProceedToCheckOutButton();\nbasePage_PO.clickRegisterModal();\nloginPage_PO.fillFieldsToCreateAccount(Cypress.env(\"firstName\"), email);\nloginPage_PO.clickOnSignUp();\nsignUpPage_PO.fillAndSubmitRegistrationForm(Cypress.env(\"title\"), Cypress.env(\"password\"), Cypress.env(\"day\"), Cypress.env(\"month\"), Cypress.env(\"year\"), Cypress.env(\"firstName\"), Cypress.env(\"lastName\"), Cypress.env(\"company\"), Cypress.env(\"address\"), Cypress.env(\"country\"), Cypress.env(\"state\"), Cypress.env(\"city\"), Cypress.env(\"zipcode\"), Cypress.env(\"mobileNumber\"), email);\naccountCreated_PO.continueAfterCreatingAccount();\nbasePage_PO.clickCartOnTheHeader();\nbasePage_PO.clickProceedToCheckOutButton();\ncheckOut_PO.addComment(Cypress.env(\"comment\"));\nbasePage_PO.clickProceedToCheckOutButton();\npayment_PO.fillCardInfoAndPayOrder(Cypress.env(\"nameOnCard\"), Cypress.env(\"cardNumber\"), Cypress.env(\"cvc\"), Cypress.env(\"expiryCCMonth\"), Cypress.env(\"expiryCCYear\"));\npaymentDone_PO.continueSuccessfullMessage();\nbasePage_PO.logout();\nloginPage_PO.login(email, Cypress.env(\"password\"));\nbasePage_PO.clickContactUsOnHeader();\ncontactUS_PO.fillContactUsForm(Cypress.env(\"firstName\"), email, Cypress.env(\"subject\"), Cypress.env(\"messageContactUs\"));\nbasePage_PO.acceptPopUp();\nbasePage_PO.logout();",
              "err": {},
              "uuid": "59bfdb9f-7bc7-4a65-840a-238d162f9c3e",
              "parentUUID": "0a44a9c7-d5fa-4dc1-b0ba-4a690a230986",
              "isHook": false,
              "skipped": false
            }
          ],
          "suites": [],
          "passes": [
            "59bfdb9f-7bc7-4a65-840a-238d162f9c3e"
          ],
          "failures": [],
          "pending": [],
          "skipped": [],
          "duration": 40696,
          "root": false,
          "rootEmpty": false,
          "_timeout": 2000
        }
      ],
      "passes": [],
      "failures": [],
      "pending": [],
      "skipped": [],
      "duration": 0,
      "root": true,
      "rootEmpty": true,
      "_timeout": 2000
    }
  ],
  "meta": {
    "mocha": {
      "version": "7.0.1"
    },
    "mochawesome": {
      "options": {
        "quiet": false,
        "reportFilename": "mochawesome",
        "saveHtml": false,
        "saveJson": true,
        "consoleReporter": "spec",
        "useInlineDiffs": false,
        "code": true
      },
      "version": "7.1.3"
    },
    "marge": {
      "options": {
        "id": "default",
        "reportDir": "cypress/reports",
        "quite": true,
        "overwrite": false,
        "html": false,
        "json": true
      },
      "version": "6.2.0"
    }
  }
}